<?xml version="1.0" encoding="UTF-8" ?>
<testsuite tests="1" failures="0" name="UsernameJUnitTest" time="0.158" errors="1" skipped="0">
  <properties>
[...]
</properties>
  <testcase classname="UsernameJUnitTest" name="test" time="0.078">
    <error message="Value 28 for monthOfYear must be in the range [1,12]" type="org.joda.time.IllegalFieldValueException">org.joda.time.IllegalFieldValueException: Value 28 for monthOfYear must be in the range [1,12]
	at org.joda.time.field.FieldUtils.verifyValueBounds(FieldUtils.java:252)
	at org.joda.time.chrono.BasicChronology.getDateMidnightMillis(BasicChronology.java:631)
	at org.joda.time.chrono.BasicChronology.getDateTimeMillis0(BasicChronology.java:186)
	at org.joda.time.chrono.BasicChronology.getDateTimeMillis(BasicChronology.java:182)
	at org.joda.time.chrono.AssembledChronology.getDateTimeMillis(AssembledChronology.java:133)
	at org.joda.time.chrono.ZonedChronology.getDateTimeMillis(ZonedChronology.java:122)
	at org.joda.time.chrono.AssembledChronology.getDateTimeMillis(AssembledChronology.java:133)
	at org.joda.time.base.BaseDateTime.&lt;init&gt;(BaseDateTime.java:257)
	at org.joda.time.base.BaseDateTime.&lt;init&gt;(BaseDateTime.java:198)
	at org.joda.time.DateTime.&lt;init&gt;(DateTime.java:476)
	at UsernameJUnitTest.test(UsernameJUnitTest.java:25)
	at sun.reflect.NativeMethodAccessorImpl.invoke0(Native Method)
	at sun.reflect.NativeMethodAccessorImpl.invoke(NativeMethodAccessorImpl.java:62)
	at sun.reflect.DelegatingMethodAccessorImpl.invoke(DelegatingMethodAccessorImpl.java:43)
	at java.lang.reflect.Method.invoke(Method.java:498)
	at org.junit.runners.model.FrameworkMethod$1.runReflectiveCall(FrameworkMethod.java:50)
	at org.junit.internal.runners.model.ReflectiveCallable.run(ReflectiveCallable.java:12)
	at org.junit.runners.model.FrameworkMethod.invokeExplosively(FrameworkMethod.java:47)
	at org.junit.internal.runners.statements.InvokeMethod.evaluate(InvokeMethod.java:17)
	at org.junit.runners.ParentRunner.runLeaf(ParentRunner.java:325)
	at org.junit.runners.BlockJUnit4ClassRunner.runChild(BlockJUnit4ClassRunner.java:78)
	at org.junit.runners.BlockJUnit4ClassRunner.runChild(BlockJUnit4ClassRunner.java:57)
	at org.junit.runners.ParentRunner$3.run(ParentRunner.java:290)
	at org.junit.runners.ParentRunner$1.schedule(ParentRunner.java:71)
	at org.junit.runners.ParentRunner.runChildren(ParentRunner.java:288)
	at org.junit.runners.ParentRunner.access$000(ParentRunner.java:58)
	at org.junit.runners.ParentRunner$2.evaluate(ParentRunner.java:268)
	at org.junit.runners.ParentRunner.run(ParentRunner.java:363)
	at org.apache.maven.surefire.junit4.JUnit4TestSet.execute(JUnit4TestSet.java:45)
	at org.apache.maven.surefire.junit4.JUnit4Provider.executeTestSet(JUnit4Provider.java:123)
	at org.apache.maven.surefire.junit4.JUnit4Provider.invoke(JUnit4Provider.java:104)
	at sun.reflect.NativeMethodAccessorImpl.invoke0(Native Method)
	at sun.reflect.NativeMethodAccessorImpl.invoke(NativeMethodAccessorImpl.java:62)
	at sun.reflect.DelegatingMethodAccessorImpl.invoke(DelegatingMethodAccessorImpl.java:43)
	at java.lang.reflect.Method.invoke(Method.java:498)
	at org.apache.maven.surefire.util.ReflectionUtils.invokeMethodWithArray(ReflectionUtils.java:164)
	at org.apache.maven.surefire.booter.ProviderFactory$ProviderProxy.invoke(ProviderFactory.java:110)
	at org.apache.maven.surefire.booter.SurefireStarter.invokeProvider(SurefireStarter.java:175)
	at org.apache.maven.surefire.booter.SurefireStarter.runSuitesInProcessWhenForked(SurefireStarter.java:107)
	at org.apache.maven.surefire.booter.ForkedBooter.main(ForkedBooter.java:68)
</error>
  </testcase>
</testsuite>